<?xml version="1.0" encoding="UTF-8"?>
<coverage generated="1749806180330" clover="3.2.0">
  <project timestamp="1749806180330" name="All files">
    <metrics statements="104" coveredstatements="103" conditionals="21" coveredconditionals="19" methods="50" coveredmethods="50" elements="175" coveredelements="172" complexity="0" loc="104" ncloc="104" packages="1" files="7" classes="7"/>
    <file name="ArrayValidator.ts" path="/home/mikitarahozin/Projects/AI_challenge/edu-ai-challenge-2025/8/src/ArrayValidator.ts">
      <metrics statements="20" coveredstatements="20" conditionals="2" coveredconditionals="2" methods="8" coveredmethods="8"/>
      <line num="1" count="1" type="stmt"/>
      <line num="4" count="1" type="stmt"/>
      <line num="5" count="5" type="stmt"/>
      <line num="6" count="5" type="stmt"/>
      <line num="10" count="5" type="stmt"/>
      <line num="11" count="13" type="stmt"/>
      <line num="17" count="1" type="stmt"/>
      <line num="18" count="3" type="stmt"/>
      <line num="24" count="1" type="stmt"/>
      <line num="25" count="3" type="stmt"/>
      <line num="31" count="13" type="stmt"/>
      <line num="32" count="13" type="cond" truecount="1" falsecount="0"/>
      <line num="33" count="2" type="stmt"/>
      <line num="36" count="11" type="stmt"/>
      <line num="37" count="11" type="stmt"/>
      <line num="39" count="11" type="stmt"/>
      <line num="40" count="24" type="stmt"/>
      <line num="41" count="24" type="cond" truecount="1" falsecount="0"/>
      <line num="42" count="4" type="stmt"/>
      <line num="46" count="11" type="stmt"/>
    </file>
    <file name="BaseValidator.ts" path="/home/mikitarahozin/Projects/AI_challenge/edu-ai-challenge-2025/8/src/BaseValidator.ts">
      <metrics statements="18" coveredstatements="18" conditionals="6" coveredconditionals="6" methods="5" coveredmethods="5"/>
      <line num="7" count="1" type="stmt"/>
      <line num="9" count="34" type="stmt"/>
      <line num="12" count="34" type="stmt"/>
      <line num="16" count="34" type="stmt"/>
      <line num="32" count="100" type="cond" truecount="4" falsecount="0"/>
      <line num="33" count="2" type="stmt"/>
      <line num="36" count="98" type="stmt"/>
      <line num="39" count="98" type="stmt"/>
      <line num="40" count="156" type="cond" truecount="1" falsecount="0"/>
      <line num="41" count="32" type="stmt"/>
      <line num="45" count="98" type="stmt"/>
      <line num="56" count="2" type="stmt"/>
      <line num="57" count="2" type="stmt"/>
      <line num="66" count="3" type="cond" truecount="1" falsecount="0"/>
      <line num="67" count="3" type="stmt"/>
      <line num="69" count="3" type="stmt"/>
      <line num="79" count="53" type="stmt"/>
      <line num="80" count="53" type="stmt"/>
    </file>
    <file name="BooleanValidator.ts" path="/home/mikitarahozin/Projects/AI_challenge/edu-ai-challenge-2025/8/src/BooleanValidator.ts">
      <metrics statements="4" coveredstatements="4" conditionals="0" coveredconditionals="0" methods="2" coveredmethods="2"/>
      <line num="1" count="1" type="stmt"/>
      <line num="3" count="1" type="stmt"/>
      <line num="5" count="3" type="stmt"/>
      <line num="6" count="9" type="stmt"/>
    </file>
    <file name="NumberValidator.ts" path="/home/mikitarahozin/Projects/AI_challenge/edu-ai-challenge-2025/8/src/NumberValidator.ts">
      <metrics statements="14" coveredstatements="14" conditionals="2" coveredconditionals="2" methods="12" coveredmethods="12"/>
      <line num="1" count="1" type="stmt"/>
      <line num="3" count="1" type="stmt"/>
      <line num="5" count="8" type="stmt"/>
      <line num="6" count="30" type="cond" truecount="2" falsecount="0"/>
      <line num="12" count="2" type="stmt"/>
      <line num="13" count="6" type="stmt"/>
      <line num="19" count="2" type="stmt"/>
      <line num="20" count="7" type="stmt"/>
      <line num="26" count="2" type="stmt"/>
      <line num="27" count="7" type="stmt"/>
      <line num="33" count="1" type="stmt"/>
      <line num="34" count="3" type="stmt"/>
      <line num="40" count="2" type="stmt"/>
      <line num="41" count="8" type="stmt"/>
    </file>
    <file name="ObjectValidator.ts" path="/home/mikitarahozin/Projects/AI_challenge/edu-ai-challenge-2025/8/src/ObjectValidator.ts">
      <metrics statements="24" coveredstatements="23" conditionals="11" coveredconditionals="9" methods="7" coveredmethods="7"/>
      <line num="1" count="1" type="stmt"/>
      <line num="4" count="1" type="stmt"/>
      <line num="5" count="4" type="stmt"/>
      <line num="6" count="4" type="stmt"/>
      <line num="10" count="4" type="stmt"/>
      <line num="12" count="9" type="cond" truecount="3" falsecount="0"/>
      <line num="18" count="9" type="stmt"/>
      <line num="19" count="9" type="cond" truecount="1" falsecount="0"/>
      <line num="20" count="1" type="stmt"/>
      <line num="23" count="8" type="stmt"/>
      <line num="24" count="8" type="stmt"/>
      <line num="27" count="8" type="stmt"/>
      <line num="28" count="26" type="stmt"/>
      <line num="30" count="26" type="cond" truecount="1" falsecount="0"/>
      <line num="31" count="1" type="cond" truecount="3" falsecount="2"/>
      <line num="32" count="0" type="stmt"/>
      <line num="34" count="1" type="stmt"/>
      <line num="37" count="25" type="stmt"/>
      <line num="38" count="25" type="cond" truecount="1" falsecount="0"/>
      <line num="39" count="7" type="stmt"/>
      <line num="43" count="8" type="stmt"/>
      <line num="50" count="1" type="stmt"/>
      <line num="52" count="3" type="stmt"/>
      <line num="53" count="2" type="stmt"/>
    </file>
    <file name="Schema.ts" path="/home/mikitarahozin/Projects/AI_challenge/edu-ai-challenge-2025/8/src/Schema.ts">
      <metrics statements="11" coveredstatements="11" conditionals="0" coveredconditionals="0" methods="5" coveredmethods="5"/>
      <line num="1" count="1" type="stmt"/>
      <line num="2" count="1" type="stmt"/>
      <line num="3" count="1" type="stmt"/>
      <line num="4" count="1" type="stmt"/>
      <line num="5" count="1" type="stmt"/>
      <line num="8" count="1" type="stmt"/>
      <line num="10" count="14" type="stmt"/>
      <line num="14" count="8" type="stmt"/>
      <line num="18" count="3" type="stmt"/>
      <line num="22" count="5" type="stmt"/>
      <line num="26" count="4" type="stmt"/>
    </file>
    <file name="StringValidator.ts" path="/home/mikitarahozin/Projects/AI_challenge/edu-ai-challenge-2025/8/src/StringValidator.ts">
      <metrics statements="13" coveredstatements="13" conditionals="0" coveredconditionals="0" methods="11" coveredmethods="11"/>
      <line num="1" count="1" type="stmt"/>
      <line num="3" count="1" type="stmt"/>
      <line num="5" count="14" type="stmt"/>
      <line num="6" count="37" type="stmt"/>
      <line num="12" count="2" type="stmt"/>
      <line num="13" count="6" type="stmt"/>
      <line num="19" count="1" type="stmt"/>
      <line num="20" count="3" type="stmt"/>
      <line num="26" count="3" type="stmt"/>
      <line num="27" count="7" type="stmt"/>
      <line num="33" count="2" type="stmt"/>
      <line num="38" count="1" type="stmt"/>
      <line num="39" count="3" type="stmt"/>
    </file>
  </project>
</coverage>
