<?xml version="1.0" encoding="UTF-8"?>
<coverage generated="1749805895392" clover="3.2.0">
  <project timestamp="1749805895392" name="All files">
    <metrics statements="104" coveredstatements="91" conditionals="21" coveredconditionals="18" methods="50" coveredmethods="39" elements="175" coveredelements="148" complexity="0" loc="104" ncloc="104" packages="1" files="7" classes="7"/>
    <file name="ArrayValidator.ts" path="/home/mikitarahozin/Projects/AI_challenge/edu-ai-challenge-2025/8/src/ArrayValidator.ts">
      <metrics statements="20" coveredstatements="20" conditionals="2" coveredconditionals="2" methods="8" coveredmethods="8"/>
      <line num="1" count="1" type="stmt"/>
      <line num="4" count="1" type="stmt"/>
      <line num="5" count="3" type="stmt"/>
      <line num="6" count="3" type="stmt"/>
      <line num="10" count="3" type="stmt"/>
      <line num="11" count="7" type="stmt"/>
      <line num="17" count="1" type="stmt"/>
      <line num="18" count="3" type="stmt"/>
      <line num="24" count="1" type="stmt"/>
      <line num="25" count="3" type="stmt"/>
      <line num="31" count="7" type="stmt"/>
      <line num="32" count="7" type="cond" truecount="1" falsecount="0"/>
      <line num="33" count="2" type="stmt"/>
      <line num="36" count="5" type="stmt"/>
      <line num="37" count="5" type="stmt"/>
      <line num="39" count="5" type="stmt"/>
      <line num="40" count="12" type="stmt"/>
      <line num="41" count="12" type="cond" truecount="1" falsecount="0"/>
      <line num="42" count="2" type="stmt"/>
      <line num="46" count="5" type="stmt"/>
    </file>
    <file name="BaseValidator.ts" path="/home/mikitarahozin/Projects/AI_challenge/edu-ai-challenge-2025/8/src/BaseValidator.ts">
      <metrics statements="18" coveredstatements="18" conditionals="6" coveredconditionals="6" methods="5" coveredmethods="5"/>
      <line num="3" count="1" type="stmt"/>
      <line num="4" count="18" type="stmt"/>
      <line num="5" count="18" type="stmt"/>
      <line num="8" count="18" type="stmt"/>
      <line num="14" count="54" type="cond" truecount="4" falsecount="0"/>
      <line num="15" count="2" type="stmt"/>
      <line num="18" count="52" type="stmt"/>
      <line num="20" count="52" type="stmt"/>
      <line num="21" count="81" type="cond" truecount="1" falsecount="0"/>
      <line num="22" count="18" type="stmt"/>
      <line num="26" count="52" type="stmt"/>
      <line num="33" count="2" type="stmt"/>
      <line num="34" count="2" type="stmt"/>
      <line num="38" count="2" type="cond" truecount="1" falsecount="0"/>
      <line num="39" count="2" type="stmt"/>
      <line num="41" count="2" type="stmt"/>
      <line num="45" count="28" type="stmt"/>
      <line num="46" count="28" type="stmt"/>
    </file>
    <file name="BooleanValidator.ts" path="/home/mikitarahozin/Projects/AI_challenge/edu-ai-challenge-2025/8/src/BooleanValidator.ts">
      <metrics statements="4" coveredstatements="4" conditionals="0" coveredconditionals="0" methods="2" coveredmethods="2"/>
      <line num="1" count="1" type="stmt"/>
      <line num="3" count="1" type="stmt"/>
      <line num="5" count="3" type="stmt"/>
      <line num="6" count="9" type="stmt"/>
    </file>
    <file name="NumberValidator.ts" path="/home/mikitarahozin/Projects/AI_challenge/edu-ai-challenge-2025/8/src/NumberValidator.ts">
      <metrics statements="14" coveredstatements="8" conditionals="2" coveredconditionals="2" methods="12" coveredmethods="6"/>
      <line num="1" count="1" type="stmt"/>
      <line num="3" count="1" type="stmt"/>
      <line num="5" count="3" type="stmt"/>
      <line num="6" count="8" type="cond" truecount="2" falsecount="0"/>
      <line num="12" count="2" type="stmt"/>
      <line num="13" count="6" type="stmt"/>
      <line num="19" count="1" type="stmt"/>
      <line num="20" count="3" type="stmt"/>
      <line num="26" count="0" type="stmt"/>
      <line num="27" count="0" type="stmt"/>
      <line num="33" count="0" type="stmt"/>
      <line num="34" count="0" type="stmt"/>
      <line num="40" count="0" type="stmt"/>
      <line num="41" count="0" type="stmt"/>
    </file>
    <file name="ObjectValidator.ts" path="/home/mikitarahozin/Projects/AI_challenge/edu-ai-challenge-2025/8/src/ObjectValidator.ts">
      <metrics statements="24" coveredstatements="19" conditionals="11" coveredconditionals="8" methods="7" coveredmethods="4"/>
      <line num="1" count="1" type="stmt"/>
      <line num="4" count="1" type="stmt"/>
      <line num="5" count="1" type="stmt"/>
      <line num="6" count="1" type="stmt"/>
      <line num="10" count="1" type="stmt"/>
      <line num="12" count="3" type="cond" truecount="3" falsecount="0"/>
      <line num="18" count="3" type="stmt"/>
      <line num="19" count="3" type="cond" truecount="0" falsecount="1"/>
      <line num="20" count="0" type="stmt"/>
      <line num="23" count="3" type="stmt"/>
      <line num="24" count="3" type="stmt"/>
      <line num="27" count="3" type="stmt"/>
      <line num="28" count="15" type="stmt"/>
      <line num="30" count="15" type="cond" truecount="1" falsecount="0"/>
      <line num="31" count="1" type="cond" truecount="3" falsecount="2"/>
      <line num="32" count="0" type="stmt"/>
      <line num="34" count="1" type="stmt"/>
      <line num="37" count="14" type="stmt"/>
      <line num="38" count="14" type="cond" truecount="1" falsecount="0"/>
      <line num="39" count="5" type="stmt"/>
      <line num="43" count="3" type="stmt"/>
      <line num="50" count="0" type="stmt"/>
      <line num="52" count="0" type="stmt"/>
      <line num="53" count="0" type="stmt"/>
    </file>
    <file name="Schema.ts" path="/home/mikitarahozin/Projects/AI_challenge/edu-ai-challenge-2025/8/src/Schema.ts">
      <metrics statements="11" coveredstatements="11" conditionals="0" coveredconditionals="0" methods="5" coveredmethods="5"/>
      <line num="1" count="1" type="stmt"/>
      <line num="2" count="1" type="stmt"/>
      <line num="3" count="1" type="stmt"/>
      <line num="4" count="1" type="stmt"/>
      <line num="5" count="1" type="stmt"/>
      <line num="8" count="1" type="stmt"/>
      <line num="10" count="8" type="stmt"/>
      <line num="14" count="3" type="stmt"/>
      <line num="18" count="3" type="stmt"/>
      <line num="22" count="3" type="stmt"/>
      <line num="26" count="1" type="stmt"/>
    </file>
    <file name="StringValidator.ts" path="/home/mikitarahozin/Projects/AI_challenge/edu-ai-challenge-2025/8/src/StringValidator.ts">
      <metrics statements="13" coveredstatements="11" conditionals="0" coveredconditionals="0" methods="11" coveredmethods="9"/>
      <line num="1" count="1" type="stmt"/>
      <line num="3" count="1" type="stmt"/>
      <line num="5" count="8" type="stmt"/>
      <line num="6" count="25" type="stmt"/>
      <line num="12" count="2" type="stmt"/>
      <line num="13" count="6" type="stmt"/>
      <line num="19" count="1" type="stmt"/>
      <line num="20" count="3" type="stmt"/>
      <line num="26" count="2" type="stmt"/>
      <line num="27" count="5" type="stmt"/>
      <line num="33" count="2" type="stmt"/>
      <line num="38" count="0" type="stmt"/>
      <line num="39" count="0" type="stmt"/>
    </file>
  </project>
</coverage>
