{"/home/mikitarahozin/Projects/AI_challenge/edu-ai-challenge-2025/8/src/ArrayValidator.ts": {"path":"/home/mikitarahozin/Projects/AI_challenge/edu-ai-challenge-2025/8/src/ArrayValidator.ts","statementMap":{"0":{"start":{"line":1,"column":0},"end":{"line":1,"column":48}},"1":{"start":{"line":6,"column":4},"end":{"line":6,"column":12}},"2":{"start":{"line":5,"column":22},"end":{"line":5,"column":49}},"3":{"start":{"line":10,"column":4},"end":{"line":13,"column":6}},"4":{"start":{"line":11,"column":31},"end":{"line":11,"column":51}},"5":{"start":{"line":17,"column":4},"end":{"line":20,"column":6}},"6":{"start":{"line":18,"column":15},"end":{"line":18,"column":37}},"7":{"start":{"line":24,"column":4},"end":{"line":27,"column":6}},"8":{"start":{"line":25,"column":15},"end":{"line":25,"column":37}},"9":{"start":{"line":31,"column":23},"end":{"line":31,"column":44}},"10":{"start":{"line":32,"column":4},"end":{"line":34,"column":null}},"11":{"start":{"line":33,"column":6},"end":{"line":33,"column":24}},"12":{"start":{"line":36,"column":18},"end":{"line":36,"column":30}},"13":{"start":{"line":37,"column":29},"end":{"line":37,"column":31}},"14":{"start":{"line":39,"column":4},"end":{"line":44,"column":null}},"15":{"start":{"line":39,"column":17},"end":{"line":39,"column":18}},"16":{"start":{"line":40,"column":25},"end":{"line":40,"column":62}},"17":{"start":{"line":41,"column":6},"end":{"line":43,"column":null}},"18":{"start":{"line":42,"column":8},"end":{"line":42,"column":75}},"19":{"start":{"line":46,"column":4},"end":{"line":49,"column":6}},"20":{"start":{"line":4,"column":0},"end":{"line":4,"column":13}}},"fnMap":{"0":{"name":"(anonymous_0)","decl":{"start":{"line":5,"column":2},"end":{"line":5,"column":22}},"loc":{"start":{"line":5,"column":49},"end":{"line":7,"column":3}}},"1":{"name":"(anonymous_1)","decl":{"start":{"line":9,"column":12},"end":{"line":9,"column":24}},"loc":{"start":{"line":9,"column":24},"end":{"line":14,"column":3}}},"2":{"name":"(anonymous_2)","decl":{"start":{"line":11,"column":6},"end":{"line":11,"column":7}},"loc":{"start":{"line":11,"column":31},"end":{"line":11,"column":51}}},"3":{"name":"(anonymous_3)","decl":{"start":{"line":16,"column":2},"end":{"line":16,"column":11}},"loc":{"start":{"line":16,"column":26},"end":{"line":21,"column":3}}},"4":{"name":"(anonymous_4)","decl":{"start":{"line":18,"column":6},"end":{"line":18,"column":11}},"loc":{"start":{"line":18,"column":15},"end":{"line":18,"column":37}}},"5":{"name":"(anonymous_5)","decl":{"start":{"line":23,"column":2},"end":{"line":23,"column":11}},"loc":{"start":{"line":23,"column":26},"end":{"line":28,"column":3}}},"6":{"name":"(anonymous_6)","decl":{"start":{"line":25,"column":6},"end":{"line":25,"column":11}},"loc":{"start":{"line":25,"column":15},"end":{"line":25,"column":37}}},"7":{"name":"(anonymous_7)","decl":{"start":{"line":30,"column":2},"end":{"line":30,"column":10}},"loc":{"start":{"line":30,"column":25},"end":{"line":50,"column":3}}}},"branchMap":{"0":{"loc":{"start":{"line":32,"column":4},"end":{"line":34,"column":null}},"type":"if","locations":[{"start":{"line":32,"column":4},"end":{"line":34,"column":null}}]},"1":{"loc":{"start":{"line":41,"column":6},"end":{"line":43,"column":null}},"type":"if","locations":[{"start":{"line":41,"column":6},"end":{"line":43,"column":null}}]}},"s":{"0":1,"1":5,"2":5,"3":5,"4":13,"5":1,"6":3,"7":1,"8":3,"9":13,"10":13,"11":2,"12":11,"13":11,"14":11,"15":11,"16":24,"17":24,"18":4,"19":11,"20":1},"f":{"0":5,"1":5,"2":13,"3":1,"4":3,"5":1,"6":3,"7":13},"b":{"0":[2],"1":[4]}}
,"/home/mikitarahozin/Projects/AI_challenge/edu-ai-challenge-2025/8/src/BaseValidator.ts": {"path":"/home/mikitarahozin/Projects/AI_challenge/edu-ai-challenge-2025/8/src/BaseValidator.ts","statementMap":{"0":{"start":{"line":9,"column":12},"end":{"line":9,"column":43}},"1":{"start":{"line":12,"column":12},"end":{"line":12,"column":80}},"2":{"start":{"line":16,"column":4},"end":{"line":16,"column":24}},"3":{"start":{"line":32,"column":4},"end":{"line":34,"column":null}},"4":{"start":{"line":33,"column":6},"end":{"line":33,"column":43}},"5":{"start":{"line":36,"column":29},"end":{"line":36,"column":31}},"6":{"start":{"line":39,"column":4},"end":{"line":43,"column":null}},"7":{"start":{"line":40,"column":6},"end":{"line":42,"column":null}},"8":{"start":{"line":41,"column":8},"end":{"line":41,"column":29}},"9":{"start":{"line":45,"column":4},"end":{"line":48,"column":6}},"10":{"start":{"line":56,"column":4},"end":{"line":56,"column":33}},"11":{"start":{"line":57,"column":4},"end":{"line":57,"column":16}},"12":{"start":{"line":66,"column":4},"end":{"line":68,"column":null}},"13":{"start":{"line":67,"column":6},"end":{"line":67,"column":58}},"14":{"start":{"line":69,"column":4},"end":{"line":69,"column":16}},"15":{"start":{"line":79,"column":4},"end":{"line":79,"column":55}},"16":{"start":{"line":80,"column":4},"end":{"line":80,"column":16}},"17":{"start":{"line":7,"column":0},"end":{"line":7,"column":22}}},"fnMap":{"0":{"name":"(anonymous_0)","decl":{"start":{"line":14,"column":2},"end":{"line":14,"column":null}},"loc":{"start":{"line":14,"column":2},"end":{"line":17,"column":3}}},"1":{"name":"(anonymous_1)","decl":{"start":{"line":30,"column":2},"end":{"line":30,"column":10}},"loc":{"start":{"line":30,"column":25},"end":{"line":49,"column":3}}},"2":{"name":"(anonymous_2)","decl":{"start":{"line":55,"column":2},"end":{"line":55,"column":10}},"loc":{"start":{"line":55,"column":10},"end":{"line":58,"column":3}}},"3":{"name":"(anonymous_3)","decl":{"start":{"line":65,"column":2},"end":{"line":65,"column":13}},"loc":{"start":{"line":65,"column":29},"end":{"line":70,"column":3}}},"4":{"name":"(anonymous_4)","decl":{"start":{"line":78,"column":12},"end":{"line":78,"column":19}},"loc":{"start":{"line":78,"column":71},"end":{"line":81,"column":3}}}},"branchMap":{"0":{"loc":{"start":{"line":32,"column":4},"end":{"line":34,"column":null}},"type":"if","locations":[{"start":{"line":32,"column":4},"end":{"line":34,"column":null}}]},"1":{"loc":{"start":{"line":32,"column":8},"end":{"line":32,"column":72}},"type":"binary-expr","locations":[{"start":{"line":32,"column":8},"end":{"line":32,"column":29}},{"start":{"line":32,"column":34},"end":{"line":32,"column":53}},{"start":{"line":32,"column":57},"end":{"line":32,"column":71}}]},"2":{"loc":{"start":{"line":40,"column":6},"end":{"line":42,"column":null}},"type":"if","locations":[{"start":{"line":40,"column":6},"end":{"line":42,"column":null}}]},"3":{"loc":{"start":{"line":66,"column":4},"end":{"line":68,"column":null}},"type":"if","locations":[{"start":{"line":66,"column":4},"end":{"line":68,"column":null}}]}},"s":{"0":34,"1":34,"2":34,"3":100,"4":2,"5":98,"6":98,"7":156,"8":32,"9":98,"10":2,"11":2,"12":3,"13":3,"14":3,"15":53,"16":53,"17":1},"f":{"0":34,"1":100,"2":2,"3":3,"4":53},"b":{"0":[2],"1":[100,6,5],"2":[32],"3":[3]}}
,"/home/mikitarahozin/Projects/AI_challenge/edu-ai-challenge-2025/8/src/BooleanValidator.ts": {"path":"/home/mikitarahozin/Projects/AI_challenge/edu-ai-challenge-2025/8/src/BooleanValidator.ts","statementMap":{"0":{"start":{"line":1,"column":0},"end":{"line":1,"column":48}},"1":{"start":{"line":5,"column":4},"end":{"line":8,"column":6}},"2":{"start":{"line":6,"column":35},"end":{"line":6,"column":61}},"3":{"start":{"line":3,"column":0},"end":{"line":3,"column":13}}},"fnMap":{"0":{"name":"(anonymous_0)","decl":{"start":{"line":4,"column":12},"end":{"line":4,"column":24}},"loc":{"start":{"line":4,"column":24},"end":{"line":9,"column":3}}},"1":{"name":"(anonymous_1)","decl":{"start":{"line":6,"column":6},"end":{"line":6,"column":7}},"loc":{"start":{"line":6,"column":35},"end":{"line":6,"column":61}}}},"branchMap":{},"s":{"0":1,"1":3,"2":9,"3":1},"f":{"0":3,"1":9},"b":{}}
,"/home/mikitarahozin/Projects/AI_challenge/edu-ai-challenge-2025/8/src/NumberValidator.ts": {"path":"/home/mikitarahozin/Projects/AI_challenge/edu-ai-challenge-2025/8/src/NumberValidator.ts","statementMap":{"0":{"start":{"line":1,"column":0},"end":{"line":1,"column":48}},"1":{"start":{"line":5,"column":4},"end":{"line":8,"column":6}},"2":{"start":{"line":6,"column":34},"end":{"line":6,"column":76}},"3":{"start":{"line":12,"column":4},"end":{"line":15,"column":6}},"4":{"start":{"line":13,"column":15},"end":{"line":13,"column":27}},"5":{"start":{"line":19,"column":4},"end":{"line":22,"column":6}},"6":{"start":{"line":20,"column":15},"end":{"line":20,"column":27}},"7":{"start":{"line":26,"column":4},"end":{"line":29,"column":6}},"8":{"start":{"line":27,"column":15},"end":{"line":27,"column":24}},"9":{"start":{"line":33,"column":4},"end":{"line":36,"column":6}},"10":{"start":{"line":34,"column":15},"end":{"line":34,"column":24}},"11":{"start":{"line":40,"column":4},"end":{"line":43,"column":6}},"12":{"start":{"line":41,"column":15},"end":{"line":41,"column":38}},"13":{"start":{"line":3,"column":0},"end":{"line":3,"column":13}}},"fnMap":{"0":{"name":"(anonymous_0)","decl":{"start":{"line":4,"column":12},"end":{"line":4,"column":24}},"loc":{"start":{"line":4,"column":24},"end":{"line":9,"column":3}}},"1":{"name":"(anonymous_1)","decl":{"start":{"line":6,"column":6},"end":{"line":6,"column":7}},"loc":{"start":{"line":6,"column":34},"end":{"line":6,"column":76}}},"2":{"name":"(anonymous_2)","decl":{"start":{"line":11,"column":2},"end":{"line":11,"column":5}},"loc":{"start":{"line":11,"column":17},"end":{"line":16,"column":3}}},"3":{"name":"(anonymous_3)","decl":{"start":{"line":13,"column":6},"end":{"line":13,"column":11}},"loc":{"start":{"line":13,"column":15},"end":{"line":13,"column":27}}},"4":{"name":"(anonymous_4)","decl":{"start":{"line":18,"column":2},"end":{"line":18,"column":5}},"loc":{"start":{"line":18,"column":17},"end":{"line":23,"column":3}}},"5":{"name":"(anonymous_5)","decl":{"start":{"line":20,"column":6},"end":{"line":20,"column":11}},"loc":{"start":{"line":20,"column":15},"end":{"line":20,"column":27}}},"6":{"name":"(anonymous_6)","decl":{"start":{"line":25,"column":2},"end":{"line":25,"column":10}},"loc":{"start":{"line":25,"column":10},"end":{"line":30,"column":3}}},"7":{"name":"(anonymous_7)","decl":{"start":{"line":27,"column":6},"end":{"line":27,"column":11}},"loc":{"start":{"line":27,"column":15},"end":{"line":27,"column":24}}},"8":{"name":"(anonymous_8)","decl":{"start":{"line":32,"column":2},"end":{"line":32,"column":10}},"loc":{"start":{"line":32,"column":10},"end":{"line":37,"column":3}}},"9":{"name":"(anonymous_9)","decl":{"start":{"line":34,"column":6},"end":{"line":34,"column":11}},"loc":{"start":{"line":34,"column":15},"end":{"line":34,"column":24}}},"10":{"name":"(anonymous_10)","decl":{"start":{"line":39,"column":2},"end":{"line":39,"column":9}},"loc":{"start":{"line":39,"column":9},"end":{"line":44,"column":3}}},"11":{"name":"(anonymous_11)","decl":{"start":{"line":41,"column":6},"end":{"line":41,"column":11}},"loc":{"start":{"line":41,"column":15},"end":{"line":41,"column":38}}}},"branchMap":{"0":{"loc":{"start":{"line":6,"column":34},"end":{"line":6,"column":76}},"type":"binary-expr","locations":[{"start":{"line":6,"column":34},"end":{"line":6,"column":59}},{"start":{"line":6,"column":63},"end":{"line":6,"column":76}}]}},"s":{"0":1,"1":8,"2":30,"3":2,"4":6,"5":2,"6":7,"7":2,"8":7,"9":1,"10":3,"11":2,"12":8,"13":1},"f":{"0":8,"1":30,"2":2,"3":6,"4":2,"5":7,"6":2,"7":7,"8":1,"9":3,"10":2,"11":8},"b":{"0":[30,28]}}
,"/home/mikitarahozin/Projects/AI_challenge/edu-ai-challenge-2025/8/src/ObjectValidator.ts": {"path":"/home/mikitarahozin/Projects/AI_challenge/edu-ai-challenge-2025/8/src/ObjectValidator.ts","statementMap":{"0":{"start":{"line":1,"column":0},"end":{"line":1,"column":48}},"1":{"start":{"line":6,"column":4},"end":{"line":6,"column":12}},"2":{"start":{"line":5,"column":22},"end":{"line":5,"column":60}},"3":{"start":{"line":10,"column":4},"end":{"line":14,"column":6}},"4":{"start":{"line":12,"column":8},"end":{"line":12,"column":76}},"5":{"start":{"line":18,"column":23},"end":{"line":18,"column":44}},"6":{"start":{"line":19,"column":4},"end":{"line":21,"column":null}},"7":{"start":{"line":20,"column":6},"end":{"line":20,"column":24}},"8":{"start":{"line":23,"column":19},"end":{"line":23,"column":29}},"9":{"start":{"line":24,"column":29},"end":{"line":24,"column":31}},"10":{"start":{"line":27,"column":4},"end":{"line":41,"column":null}},"11":{"start":{"line":28,"column":25},"end":{"line":28,"column":36}},"12":{"start":{"line":30,"column":6},"end":{"line":35,"column":null}},"13":{"start":{"line":31,"column":8},"end":{"line":33,"column":null}},"14":{"start":{"line":32,"column":10},"end":{"line":32,"column":52}},"15":{"start":{"line":34,"column":8},"end":{"line":34,"column":17}},"16":{"start":{"line":37,"column":26},"end":{"line":37,"column":56}},"17":{"start":{"line":38,"column":6},"end":{"line":40,"column":null}},"18":{"start":{"line":39,"column":8},"end":{"line":39,"column":72}},"19":{"start":{"line":43,"column":4},"end":{"line":46,"column":6}},"20":{"start":{"line":50,"column":4},"end":{"line":56,"column":6}},"21":{"start":{"line":52,"column":26},"end":{"line":52,"column":81}},"22":{"start":{"line":52,"column":59},"end":{"line":52,"column":80}},"23":{"start":{"line":53,"column":8},"end":{"line":53,"column":38}},"24":{"start":{"line":4,"column":0},"end":{"line":4,"column":13}}},"fnMap":{"0":{"name":"(anonymous_0)","decl":{"start":{"line":5,"column":2},"end":{"line":5,"column":22}},"loc":{"start":{"line":5,"column":60},"end":{"line":7,"column":3}}},"1":{"name":"(anonymous_1)","decl":{"start":{"line":9,"column":12},"end":{"line":9,"column":24}},"loc":{"start":{"line":9,"column":24},"end":{"line":15,"column":3}}},"2":{"name":"(anonymous_2)","decl":{"start":{"line":11,"column":6},"end":{"line":11,"column":7}},"loc":{"start":{"line":12,"column":8},"end":{"line":12,"column":76}}},"3":{"name":"(anonymous_3)","decl":{"start":{"line":17,"column":2},"end":{"line":17,"column":10}},"loc":{"start":{"line":17,"column":25},"end":{"line":47,"column":3}}},"4":{"name":"(anonymous_4)","decl":{"start":{"line":49,"column":2},"end":{"line":49,"column":8}},"loc":{"start":{"line":49,"column":8},"end":{"line":57,"column":3}}},"5":{"name":"(anonymous_5)","decl":{"start":{"line":51,"column":6},"end":{"line":51,"column":11}},"loc":{"start":{"line":51,"column":14},"end":{"line":54,"column":7}}},"6":{"name":"(anonymous_6)","decl":{"start":{"line":52,"column":52},"end":{"line":52,"column":55}},"loc":{"start":{"line":52,"column":59},"end":{"line":52,"column":80}}}},"branchMap":{"0":{"loc":{"start":{"line":12,"column":8},"end":{"line":12,"column":76}},"type":"binary-expr","locations":[{"start":{"line":12,"column":8},"end":{"line":12,"column":33}},{"start":{"line":12,"column":37},"end":{"line":12,"column":51}},{"start":{"line":12,"column":55},"end":{"line":12,"column":76}}]},"1":{"loc":{"start":{"line":19,"column":4},"end":{"line":21,"column":null}},"type":"if","locations":[{"start":{"line":19,"column":4},"end":{"line":21,"column":null}}]},"2":{"loc":{"start":{"line":30,"column":6},"end":{"line":35,"column":null}},"type":"if","locations":[{"start":{"line":30,"column":6},"end":{"line":35,"column":null}}]},"3":{"loc":{"start":{"line":31,"column":8},"end":{"line":33,"column":null}},"type":"if","locations":[{"start":{"line":31,"column":8},"end":{"line":33,"column":null}}]},"4":{"loc":{"start":{"line":31,"column":13},"end":{"line":31,"column":49}},"type":"cond-expr","locations":[{"start":{"line":31,"column":39},"end":{"line":31,"column":41}},{"start":{"line":31,"column":39},"end":{"line":31,"column":49}}]},"5":{"loc":{"start":{"line":31,"column":13},"end":{"line":31,"column":41}},"type":"binary-expr","locations":[{"start":{"line":31,"column":13},"end":{"line":31,"column":41}},{"start":{"line":31,"column":39},"end":{"line":31,"column":41}}]},"6":{"loc":{"start":{"line":38,"column":6},"end":{"line":40,"column":null}},"type":"if","locations":[{"start":{"line":38,"column":6},"end":{"line":40,"column":null}}]}},"s":{"0":1,"1":4,"2":4,"3":4,"4":9,"5":9,"6":9,"7":1,"8":8,"9":8,"10":8,"11":26,"12":26,"13":1,"14":0,"15":1,"16":25,"17":25,"18":7,"19":8,"20":1,"21":2,"22":3,"23":2,"24":1},"f":{"0":4,"1":4,"2":9,"3":9,"4":1,"5":2,"6":3},"b":{"0":[9,9,9],"1":[1],"2":[1],"3":[0],"4":[0,1],"5":[1,1],"6":[7]}}
,"/home/mikitarahozin/Projects/AI_challenge/edu-ai-challenge-2025/8/src/Schema.ts": {"path":"/home/mikitarahozin/Projects/AI_challenge/edu-ai-challenge-2025/8/src/Schema.ts","statementMap":{"0":{"start":{"line":1,"column":0},"end":{"line":1,"column":52}},"1":{"start":{"line":2,"column":0},"end":{"line":2,"column":52}},"2":{"start":{"line":3,"column":0},"end":{"line":3,"column":50}},"3":{"start":{"line":4,"column":0},"end":{"line":4,"column":52}},"4":{"start":{"line":5,"column":0},"end":{"line":5,"column":54}},"5":{"start":{"line":10,"column":4},"end":{"line":10,"column":33}},"6":{"start":{"line":14,"column":4},"end":{"line":14,"column":33}},"7":{"start":{"line":18,"column":4},"end":{"line":18,"column":34}},"8":{"start":{"line":22,"column":4},"end":{"line":22,"column":48}},"9":{"start":{"line":26,"column":4},"end":{"line":26,"column":42}},"10":{"start":{"line":8,"column":0},"end":{"line":8,"column":13}}},"fnMap":{"0":{"name":"(anonymous_0)","decl":{"start":{"line":9,"column":2},"end":{"line":9,"column":8}},"loc":{"start":{"line":9,"column":15},"end":{"line":11,"column":3}}},"1":{"name":"(anonymous_1)","decl":{"start":{"line":13,"column":2},"end":{"line":13,"column":8}},"loc":{"start":{"line":13,"column":15},"end":{"line":15,"column":3}}},"2":{"name":"(anonymous_2)","decl":{"start":{"line":17,"column":2},"end":{"line":17,"column":8}},"loc":{"start":{"line":17,"column":16},"end":{"line":19,"column":3}}},"3":{"name":"(anonymous_3)","decl":{"start":{"line":21,"column":2},"end":{"line":21,"column":8}},"loc":{"start":{"line":21,"column":45},"end":{"line":23,"column":3}}},"4":{"name":"(anonymous_4)","decl":{"start":{"line":25,"column":2},"end":{"line":25,"column":8}},"loc":{"start":{"line":25,"column":85},"end":{"line":27,"column":3}}}},"branchMap":{},"s":{"0":1,"1":1,"2":1,"3":1,"4":1,"5":14,"6":8,"7":3,"8":5,"9":4,"10":1},"f":{"0":14,"1":8,"2":3,"3":5,"4":4},"b":{}}
,"/home/mikitarahozin/Projects/AI_challenge/edu-ai-challenge-2025/8/src/StringValidator.ts": {"path":"/home/mikitarahozin/Projects/AI_challenge/edu-ai-challenge-2025/8/src/StringValidator.ts","statementMap":{"0":{"start":{"line":1,"column":0},"end":{"line":1,"column":48}},"1":{"start":{"line":5,"column":4},"end":{"line":8,"column":6}},"2":{"start":{"line":6,"column":34},"end":{"line":6,"column":59}},"3":{"start":{"line":12,"column":4},"end":{"line":15,"column":6}},"4":{"start":{"line":13,"column":15},"end":{"line":13,"column":37}},"5":{"start":{"line":19,"column":4},"end":{"line":22,"column":6}},"6":{"start":{"line":20,"column":15},"end":{"line":20,"column":37}},"7":{"start":{"line":26,"column":4},"end":{"line":29,"column":6}},"8":{"start":{"line":27,"column":15},"end":{"line":27,"column":32}},"9":{"start":{"line":33,"column":4},"end":{"line":34,"column":44}},"10":{"start":{"line":38,"column":4},"end":{"line":41,"column":6}},"11":{"start":{"line":39,"column":15},"end":{"line":39,"column":38}},"12":{"start":{"line":3,"column":0},"end":{"line":3,"column":13}}},"fnMap":{"0":{"name":"(anonymous_0)","decl":{"start":{"line":4,"column":12},"end":{"line":4,"column":24}},"loc":{"start":{"line":4,"column":24},"end":{"line":9,"column":3}}},"1":{"name":"(anonymous_1)","decl":{"start":{"line":6,"column":6},"end":{"line":6,"column":7}},"loc":{"start":{"line":6,"column":34},"end":{"line":6,"column":59}}},"2":{"name":"(anonymous_2)","decl":{"start":{"line":11,"column":2},"end":{"line":11,"column":11}},"loc":{"start":{"line":11,"column":26},"end":{"line":16,"column":3}}},"3":{"name":"(anonymous_3)","decl":{"start":{"line":13,"column":6},"end":{"line":13,"column":11}},"loc":{"start":{"line":13,"column":15},"end":{"line":13,"column":37}}},"4":{"name":"(anonymous_4)","decl":{"start":{"line":18,"column":2},"end":{"line":18,"column":11}},"loc":{"start":{"line":18,"column":26},"end":{"line":23,"column":3}}},"5":{"name":"(anonymous_5)","decl":{"start":{"line":20,"column":6},"end":{"line":20,"column":11}},"loc":{"start":{"line":20,"column":15},"end":{"line":20,"column":37}}},"6":{"name":"(anonymous_6)","decl":{"start":{"line":25,"column":2},"end":{"line":25,"column":9}},"loc":{"start":{"line":25,"column":23},"end":{"line":30,"column":3}}},"7":{"name":"(anonymous_7)","decl":{"start":{"line":27,"column":6},"end":{"line":27,"column":11}},"loc":{"start":{"line":27,"column":15},"end":{"line":27,"column":32}}},"8":{"name":"(anonymous_8)","decl":{"start":{"line":32,"column":2},"end":{"line":32,"column":7}},"loc":{"start":{"line":32,"column":7},"end":{"line":35,"column":3}}},"9":{"name":"(anonymous_9)","decl":{"start":{"line":37,"column":2},"end":{"line":37,"column":10}},"loc":{"start":{"line":37,"column":10},"end":{"line":42,"column":3}}},"10":{"name":"(anonymous_10)","decl":{"start":{"line":39,"column":6},"end":{"line":39,"column":11}},"loc":{"start":{"line":39,"column":15},"end":{"line":39,"column":38}}}},"branchMap":{},"s":{"0":1,"1":14,"2":37,"3":2,"4":6,"5":1,"6":3,"7":3,"8":7,"9":2,"10":1,"11":3,"12":1},"f":{"0":14,"1":37,"2":2,"3":6,"4":1,"5":3,"6":3,"7":7,"8":2,"9":1,"10":3},"b":{}}
}
