TN:
SF:src/ArrayValidator.ts
FN:5,(anonymous_0)
FN:9,(anonymous_1)
FN:11,(anonymous_2)
FN:16,(anonymous_3)
FN:18,(anonymous_4)
FN:23,(anonymous_5)
FN:25,(anonymous_6)
FN:30,(anonymous_7)
FNF:8
FNH:8
FNDA:3,(anonymous_0)
FNDA:3,(anonymous_1)
FNDA:7,(anonymous_2)
FNDA:1,(anonymous_3)
FNDA:3,(anonymous_4)
FNDA:1,(anonymous_5)
FNDA:3,(anonymous_6)
FNDA:7,(anonymous_7)
DA:1,1
DA:4,1
DA:5,3
DA:6,3
DA:10,3
DA:11,7
DA:17,1
DA:18,3
DA:24,1
DA:25,3
DA:31,7
DA:32,7
DA:33,2
DA:36,5
DA:37,5
DA:39,5
DA:40,12
DA:41,12
DA:42,2
DA:46,5
LF:20
LH:20
BRDA:32,0,0,2
BRDA:41,1,0,2
BRF:2
BRH:2
end_of_record
TN:
SF:src/BaseValidator.ts
FN:7,(anonymous_0)
FN:13,(anonymous_1)
FN:32,(anonymous_2)
FN:37,(anonymous_3)
FN:44,(anonymous_4)
FNF:5
FNH:5
FNDA:18,(anonymous_0)
FNDA:54,(anonymous_1)
FNDA:2,(anonymous_2)
FNDA:2,(anonymous_3)
FNDA:28,(anonymous_4)
DA:3,1
DA:4,18
DA:5,18
DA:8,18
DA:14,54
DA:15,2
DA:18,52
DA:20,52
DA:21,81
DA:22,18
DA:26,52
DA:33,2
DA:34,2
DA:38,2
DA:39,2
DA:41,2
DA:45,28
DA:46,28
LF:18
LH:18
BRDA:14,0,0,2
BRDA:14,1,0,54
BRDA:14,1,1,6
BRDA:14,1,2,5
BRDA:21,2,0,18
BRDA:38,3,0,2
BRF:6
BRH:6
end_of_record
TN:
SF:src/BooleanValidator.ts
FN:4,(anonymous_0)
FN:6,(anonymous_1)
FNF:2
FNH:2
FNDA:3,(anonymous_0)
FNDA:9,(anonymous_1)
DA:1,1
DA:3,1
DA:5,3
DA:6,9
LF:4
LH:4
BRF:0
BRH:0
end_of_record
TN:
SF:src/NumberValidator.ts
FN:4,(anonymous_0)
FN:6,(anonymous_1)
FN:11,(anonymous_2)
FN:13,(anonymous_3)
FN:18,(anonymous_4)
FN:20,(anonymous_5)
FN:25,(anonymous_6)
FN:27,(anonymous_7)
FN:32,(anonymous_8)
FN:34,(anonymous_9)
FN:39,(anonymous_10)
FN:41,(anonymous_11)
FNF:12
FNH:6
FNDA:3,(anonymous_0)
FNDA:8,(anonymous_1)
FNDA:2,(anonymous_2)
FNDA:6,(anonymous_3)
FNDA:1,(anonymous_4)
FNDA:3,(anonymous_5)
FNDA:0,(anonymous_6)
FNDA:0,(anonymous_7)
FNDA:0,(anonymous_8)
FNDA:0,(anonymous_9)
FNDA:0,(anonymous_10)
FNDA:0,(anonymous_11)
DA:1,1
DA:3,1
DA:5,3
DA:6,8
DA:12,2
DA:13,6
DA:19,1
DA:20,3
DA:26,0
DA:27,0
DA:33,0
DA:34,0
DA:40,0
DA:41,0
LF:14
LH:8
BRDA:6,0,0,8
BRDA:6,0,1,7
BRF:2
BRH:2
end_of_record
TN:
SF:src/ObjectValidator.ts
FN:5,(anonymous_0)
FN:9,(anonymous_1)
FN:11,(anonymous_2)
FN:17,(anonymous_3)
FN:49,(anonymous_4)
FN:51,(anonymous_5)
FN:52,(anonymous_6)
FNF:7
FNH:4
FNDA:1,(anonymous_0)
FNDA:1,(anonymous_1)
FNDA:3,(anonymous_2)
FNDA:3,(anonymous_3)
FNDA:0,(anonymous_4)
FNDA:0,(anonymous_5)
FNDA:0,(anonymous_6)
DA:1,1
DA:4,1
DA:5,1
DA:6,1
DA:10,1
DA:12,3
DA:18,3
DA:19,3
DA:20,0
DA:23,3
DA:24,3
DA:27,3
DA:28,15
DA:30,15
DA:31,1
DA:32,0
DA:34,1
DA:37,14
DA:38,14
DA:39,5
DA:43,3
DA:50,0
DA:52,0
DA:53,0
LF:24
LH:19
BRDA:12,0,0,3
BRDA:12,0,1,3
BRDA:12,0,2,3
BRDA:19,1,0,0
BRDA:30,2,0,1
BRDA:31,3,0,0
BRDA:31,4,0,0
BRDA:31,4,1,1
BRDA:31,5,0,1
BRDA:31,5,1,1
BRDA:38,6,0,5
BRF:11
BRH:8
end_of_record
TN:
SF:src/Schema.ts
FN:9,(anonymous_0)
FN:13,(anonymous_1)
FN:17,(anonymous_2)
FN:21,(anonymous_3)
FN:25,(anonymous_4)
FNF:5
FNH:5
FNDA:8,(anonymous_0)
FNDA:3,(anonymous_1)
FNDA:3,(anonymous_2)
FNDA:3,(anonymous_3)
FNDA:1,(anonymous_4)
DA:1,1
DA:2,1
DA:3,1
DA:4,1
DA:5,1
DA:8,1
DA:10,8
DA:14,3
DA:18,3
DA:22,3
DA:26,1
LF:11
LH:11
BRF:0
BRH:0
end_of_record
TN:
SF:src/StringValidator.ts
FN:4,(anonymous_0)
FN:6,(anonymous_1)
FN:11,(anonymous_2)
FN:13,(anonymous_3)
FN:18,(anonymous_4)
FN:20,(anonymous_5)
FN:25,(anonymous_6)
FN:27,(anonymous_7)
FN:32,(anonymous_8)
FN:37,(anonymous_9)
FN:39,(anonymous_10)
FNF:11
FNH:9
FNDA:8,(anonymous_0)
FNDA:25,(anonymous_1)
FNDA:2,(anonymous_2)
FNDA:6,(anonymous_3)
FNDA:1,(anonymous_4)
FNDA:3,(anonymous_5)
FNDA:2,(anonymous_6)
FNDA:5,(anonymous_7)
FNDA:2,(anonymous_8)
FNDA:0,(anonymous_9)
FNDA:0,(anonymous_10)
DA:1,1
DA:3,1
DA:5,8
DA:6,25
DA:12,2
DA:13,6
DA:19,1
DA:20,3
DA:26,2
DA:27,5
DA:33,2
DA:38,0
DA:39,0
LF:13
LH:11
BRF:0
BRH:0
end_of_record
