TN:
SF:src/ArrayValidator.ts
FN:5,(anonymous_0)
FN:9,(anonymous_1)
FN:11,(anonymous_2)
FN:16,(anonymous_3)
FN:18,(anonymous_4)
FN:23,(anonymous_5)
FN:25,(anonymous_6)
FN:30,(anonymous_7)
FNF:8
FNH:8
FNDA:5,(anonymous_0)
FNDA:5,(anonymous_1)
FNDA:13,(anonymous_2)
FNDA:1,(anonymous_3)
FNDA:3,(anonymous_4)
FNDA:1,(anonymous_5)
FNDA:3,(anonymous_6)
FNDA:13,(anonymous_7)
DA:1,1
DA:4,1
DA:5,5
DA:6,5
DA:10,5
DA:11,13
DA:17,1
DA:18,3
DA:24,1
DA:25,3
DA:31,13
DA:32,13
DA:33,2
DA:36,11
DA:37,11
DA:39,11
DA:40,24
DA:41,24
DA:42,4
DA:46,11
LF:20
LH:20
BRDA:32,0,0,2
BRDA:41,1,0,4
BRF:2
BRH:2
end_of_record
TN:
SF:src/BaseValidator.ts
FN:14,(anonymous_0)
FN:30,(anonymous_1)
FN:55,(anonymous_2)
FN:65,(anonymous_3)
FN:78,(anonymous_4)
FNF:5
FNH:5
FNDA:34,(anonymous_0)
FNDA:100,(anonymous_1)
FNDA:2,(anonymous_2)
FNDA:3,(anonymous_3)
FNDA:53,(anonymous_4)
DA:7,1
DA:9,34
DA:12,34
DA:16,34
DA:32,100
DA:33,2
DA:36,98
DA:39,98
DA:40,156
DA:41,32
DA:45,98
DA:56,2
DA:57,2
DA:66,3
DA:67,3
DA:69,3
DA:79,53
DA:80,53
LF:18
LH:18
BRDA:32,0,0,2
BRDA:32,1,0,100
BRDA:32,1,1,6
BRDA:32,1,2,5
BRDA:40,2,0,32
BRDA:66,3,0,3
BRF:6
BRH:6
end_of_record
TN:
SF:src/BooleanValidator.ts
FN:4,(anonymous_0)
FN:6,(anonymous_1)
FNF:2
FNH:2
FNDA:3,(anonymous_0)
FNDA:9,(anonymous_1)
DA:1,1
DA:3,1
DA:5,3
DA:6,9
LF:4
LH:4
BRF:0
BRH:0
end_of_record
TN:
SF:src/NumberValidator.ts
FN:4,(anonymous_0)
FN:6,(anonymous_1)
FN:11,(anonymous_2)
FN:13,(anonymous_3)
FN:18,(anonymous_4)
FN:20,(anonymous_5)
FN:25,(anonymous_6)
FN:27,(anonymous_7)
FN:32,(anonymous_8)
FN:34,(anonymous_9)
FN:39,(anonymous_10)
FN:41,(anonymous_11)
FNF:12
FNH:12
FNDA:8,(anonymous_0)
FNDA:30,(anonymous_1)
FNDA:2,(anonymous_2)
FNDA:6,(anonymous_3)
FNDA:2,(anonymous_4)
FNDA:7,(anonymous_5)
FNDA:2,(anonymous_6)
FNDA:7,(anonymous_7)
FNDA:1,(anonymous_8)
FNDA:3,(anonymous_9)
FNDA:2,(anonymous_10)
FNDA:8,(anonymous_11)
DA:1,1
DA:3,1
DA:5,8
DA:6,30
DA:12,2
DA:13,6
DA:19,2
DA:20,7
DA:26,2
DA:27,7
DA:33,1
DA:34,3
DA:40,2
DA:41,8
LF:14
LH:14
BRDA:6,0,0,30
BRDA:6,0,1,28
BRF:2
BRH:2
end_of_record
TN:
SF:src/ObjectValidator.ts
FN:5,(anonymous_0)
FN:9,(anonymous_1)
FN:11,(anonymous_2)
FN:17,(anonymous_3)
FN:49,(anonymous_4)
FN:51,(anonymous_5)
FN:52,(anonymous_6)
FNF:7
FNH:7
FNDA:4,(anonymous_0)
FNDA:4,(anonymous_1)
FNDA:9,(anonymous_2)
FNDA:9,(anonymous_3)
FNDA:1,(anonymous_4)
FNDA:2,(anonymous_5)
FNDA:3,(anonymous_6)
DA:1,1
DA:4,1
DA:5,4
DA:6,4
DA:10,4
DA:12,9
DA:18,9
DA:19,9
DA:20,1
DA:23,8
DA:24,8
DA:27,8
DA:28,26
DA:30,26
DA:31,1
DA:32,0
DA:34,1
DA:37,25
DA:38,25
DA:39,7
DA:43,8
DA:50,1
DA:52,3
DA:53,2
LF:24
LH:23
BRDA:12,0,0,9
BRDA:12,0,1,9
BRDA:12,0,2,9
BRDA:19,1,0,1
BRDA:30,2,0,1
BRDA:31,3,0,0
BRDA:31,4,0,0
BRDA:31,4,1,1
BRDA:31,5,0,1
BRDA:31,5,1,1
BRDA:38,6,0,7
BRF:11
BRH:9
end_of_record
TN:
SF:src/Schema.ts
FN:9,(anonymous_0)
FN:13,(anonymous_1)
FN:17,(anonymous_2)
FN:21,(anonymous_3)
FN:25,(anonymous_4)
FNF:5
FNH:5
FNDA:14,(anonymous_0)
FNDA:8,(anonymous_1)
FNDA:3,(anonymous_2)
FNDA:5,(anonymous_3)
FNDA:4,(anonymous_4)
DA:1,1
DA:2,1
DA:3,1
DA:4,1
DA:5,1
DA:8,1
DA:10,14
DA:14,8
DA:18,3
DA:22,5
DA:26,4
LF:11
LH:11
BRF:0
BRH:0
end_of_record
TN:
SF:src/StringValidator.ts
FN:4,(anonymous_0)
FN:6,(anonymous_1)
FN:11,(anonymous_2)
FN:13,(anonymous_3)
FN:18,(anonymous_4)
FN:20,(anonymous_5)
FN:25,(anonymous_6)
FN:27,(anonymous_7)
FN:32,(anonymous_8)
FN:37,(anonymous_9)
FN:39,(anonymous_10)
FNF:11
FNH:11
FNDA:14,(anonymous_0)
FNDA:37,(anonymous_1)
FNDA:2,(anonymous_2)
FNDA:6,(anonymous_3)
FNDA:1,(anonymous_4)
FNDA:3,(anonymous_5)
FNDA:3,(anonymous_6)
FNDA:7,(anonymous_7)
FNDA:2,(anonymous_8)
FNDA:1,(anonymous_9)
FNDA:3,(anonymous_10)
DA:1,1
DA:3,1
DA:5,14
DA:6,37
DA:12,2
DA:13,6
DA:19,1
DA:20,3
DA:26,3
DA:27,7
DA:33,2
DA:38,1
DA:39,3
LF:13
LH:13
BRF:0
BRH:0
end_of_record
